{"numFailedTestSuites":0,"numFailedTests":0,"numPassedTestSuites":8,"numPassedTests":16,"numPendingTestSuites":0,"numPendingTests":0,"numRuntimeErrorTestSuites":0,"numTotalTestSuites":8,"numTotalTests":16,"openHandles":[],"snapshot":{"added":0,"didUpdate":false,"failure":false,"filesAdded":0,"filesRemoved":0,"filesUnmatched":0,"filesUpdated":0,"matched":0,"total":0,"unchecked":0,"uncheckedKeysByFile":[],"unmatched":0,"updated":0},"startTime":1541089213313,"success":true,"testResults":[{"console":null,"failureMessage":null,"numFailingTests":0,"numPassingTests":1,"numPendingTests":0,"perfStats":{"end":1541089218418,"start":1541089216536},"snapshot":{"added":0,"fileDeleted":false,"matched":0,"unchecked":0,"unmatched":0,"updated":0,"uncheckedKeys":[]},"testFilePath":"C:\\Users\\Jona\\Documents\\Elevation\\Self-Paced\\Basics\\loops\\.guides\\.test\\ex-7.test.js","testResults":[{"ancestorTitles":[],"duration":37,"failureMessages":[],"fullName":"Should print '`name` is `age` years old`' for each pair in `people`","location":null,"numPassingAsserts":0,"status":"passed","title":"Should print '`name` is `age` years old`' for each pair in `people`"}],"sourceMaps":{},"skipped":false,"leaks":false},{"console":null,"failureMessage":null,"numFailingTests":0,"numPassingTests":1,"numPendingTests":0,"perfStats":{"end":1541089218457,"start":1541089216595},"snapshot":{"added":0,"fileDeleted":false,"matched":0,"unchecked":0,"unmatched":0,"updated":0,"uncheckedKeys":[]},"testFilePath":"C:\\Users\\Jona\\Documents\\Elevation\\Self-Paced\\Basics\\loops\\.guides\\.test\\ex-3.test.js","testResults":[{"ancestorTitles":[],"duration":26,"failureMessages":[],"fullName":"Should console log only the average of `nums`","location":null,"numPassingAsserts":0,"status":"passed","title":"Should console log only the average of `nums`"}],"sourceMaps":{},"skipped":false,"leaks":false},{"console":null,"failureMessage":null,"numFailingTests":0,"numPassingTests":2,"numPendingTests":0,"perfStats":{"end":1541089218464,"start":1541089216558},"snapshot":{"added":0,"fileDeleted":false,"matched":0,"unchecked":0,"unmatched":0,"updated":0,"uncheckedKeys":[]},"testFilePath":"C:\\Users\\Jona\\Documents\\Elevation\\Self-Paced\\Basics\\loops\\.guides\\.test\\ex-2.test.js","testResults":[{"ancestorTitles":[],"duration":44,"failureMessages":[],"fullName":"`nums` should be an array of numbers","location":null,"numPassingAsserts":0,"status":"passed","title":"`nums` should be an array of numbers"},{"ancestorTitles":[],"duration":8,"failureMessages":[],"fullName":"Should loop through `nums` and print out only the final sum","location":null,"numPassingAsserts":0,"status":"passed","title":"Should loop through `nums` and print out only the final sum"}],"sourceMaps":{},"skipped":false,"leaks":false},{"console":null,"failureMessage":null,"numFailingTests":0,"numPassingTests":2,"numPendingTests":0,"perfStats":{"end":1541089218469,"start":1541089216547},"snapshot":{"added":0,"fileDeleted":false,"matched":0,"unchecked":0,"unmatched":0,"updated":0,"uncheckedKeys":[]},"testFilePath":"C:\\Users\\Jona\\Documents\\Elevation\\Self-Paced\\Basics\\loops\\.guides\\.test\\ex-8.test.js","testResults":[{"ancestorTitles":[],"duration":29,"failureMessages":[],"fullName":"Should find the correct index and store it in `indexToRemove`","location":null,"numPassingAsserts":0,"status":"passed","title":"Should find the correct index and store it in `indexToRemove`"},{"ancestorTitles":[],"duration":32,"failureMessages":[],"fullName":"Should remove the post with an id of 2 from the `posts` array","location":null,"numPassingAsserts":0,"status":"passed","title":"Should remove the post with an id of 2 from the `posts` array"}],"sourceMaps":{},"skipped":false,"leaks":false},{"console":null,"failureMessage":null,"numFailingTests":0,"numPassingTests":3,"numPendingTests":0,"perfStats":{"end":1541089218525,"start":1541089216616},"snapshot":{"added":0,"fileDeleted":false,"matched":0,"unchecked":0,"unmatched":0,"updated":0,"uncheckedKeys":[]},"testFilePath":"C:\\Users\\Jona\\Documents\\Elevation\\Self-Paced\\Basics\\loops\\.guides\\.test\\ex-5.test.js","testResults":[{"ancestorTitles":[],"duration":34,"failureMessages":[],"fullName":"Should print the message of each object in `emails`","location":null,"numPassingAsserts":0,"status":"passed","title":"Should print the message of each object in `emails`"},{"ancestorTitles":[],"duration":15,"failureMessages":[],"fullName":"Should print 'Sent email to `name` for each object in `emails`","location":null,"numPassingAsserts":0,"status":"passed","title":"Should print 'Sent email to `name` for each object in `emails`"},{"ancestorTitles":[],"duration":13,"failureMessages":[],"fullName":"Should remove each object from `emails` after the console logs","location":null,"numPassingAsserts":0,"status":"passed","title":"Should remove each object from `emails` after the console logs"}],"sourceMaps":{},"skipped":false,"leaks":false},{"console":null,"failureMessage":null,"numFailingTests":0,"numPassingTests":3,"numPendingTests":0,"perfStats":{"end":1541089218727,"start":1541089218523},"snapshot":{"added":0,"fileDeleted":false,"matched":0,"unchecked":0,"unmatched":0,"updated":0,"uncheckedKeys":[]},"testFilePath":"C:\\Users\\Jona\\Documents\\Elevation\\Self-Paced\\Basics\\loops\\.guides\\.test\\ex-1.test.js","testResults":[{"ancestorTitles":[],"duration":5,"failureMessages":[],"fullName":"`names` and `ages` should have the same length","location":null,"numPassingAsserts":0,"status":"passed","title":"`names` and `ages` should have the same length"},{"ancestorTitles":[],"duration":10,"failureMessages":[],"fullName":"`names` should be an array of strings and `ages` should be an array of numbers","location":null,"numPassingAsserts":0,"status":"passed","title":"`names` should be an array of strings and `ages` should be an array of numbers"},{"ancestorTitles":[],"duration":3,"failureMessages":[],"fullName":"Should print '`name` is `age` years old' for each pair of name and age","location":null,"numPassingAsserts":0,"status":"passed","title":"Should print '`name` is `age` years old' for each pair of name and age"}],"sourceMaps":{},"skipped":false,"leaks":false},{"console":null,"failureMessage":null,"numFailingTests":0,"numPassingTests":2,"numPendingTests":0,"perfStats":{"end":1541089218857,"start":1541089216533},"snapshot":{"added":0,"fileDeleted":false,"matched":0,"unchecked":0,"unmatched":0,"updated":0,"uncheckedKeys":[]},"testFilePath":"C:\\Users\\Jona\\Documents\\Elevation\\Self-Paced\\Basics\\loops\\.guides\\.test\\ex-4.test.js","testResults":[{"ancestorTitles":[],"duration":22,"failureMessages":[],"fullName":"Should have an empty array called `nums`","location":null,"numPassingAsserts":0,"status":"passed","title":"Should have an empty array called `nums`"},{"ancestorTitles":[],"duration":483,"failureMessages":[],"fullName":"Should add the numbers 1 through 100 (only) to `nums`","location":null,"numPassingAsserts":0,"status":"passed","title":"Should add the numbers 1 through 100 (only) to `nums`"}],"sourceMaps":{},"skipped":false,"leaks":false},{"console":null,"failureMessage":null,"numFailingTests":0,"numPassingTests":2,"numPendingTests":0,"perfStats":{"end":1541089219271,"start":1541089216544},"snapshot":{"added":0,"fileDeleted":false,"matched":0,"unchecked":0,"unmatched":0,"updated":0,"uncheckedKeys":[]},"testFilePath":"C:\\Users\\Jona\\Documents\\Elevation\\Self-Paced\\Basics\\loops\\.guides\\.test\\ex-6.test.js","testResults":[{"ancestorTitles":[],"duration":80,"failureMessages":[],"fullName":"Should populate `people` array with `{name:..., age:...}` objects","location":null,"numPassingAsserts":0,"status":"passed","title":"Should populate `people` array with `{name:..., age:...}` objects"},{"ancestorTitles":[],"duration":18,"failureMessages":[],"fullName":"Should populate people using `names` and `ages` arrays","location":null,"numPassingAsserts":0,"status":"passed","title":"Should populate people using `names` and `ages` arrays"}],"sourceMaps":{},"skipped":false,"leaks":false}],"wasInterrupted":false}