{"numFailedTestSuites":0,"numFailedTests":0,"numPassedTestSuites":9,"numPassedTests":17,"numPendingTestSuites":0,"numPendingTests":0,"numRuntimeErrorTestSuites":0,"numTotalTestSuites":9,"numTotalTests":17,"openHandles":[],"snapshot":{"added":0,"didUpdate":false,"failure":false,"filesAdded":0,"filesRemoved":0,"filesUnmatched":0,"filesUpdated":0,"matched":0,"total":0,"unchecked":0,"uncheckedKeysByFile":[],"unmatched":0,"updated":0},"startTime":1541327986972,"success":true,"testResults":[{"console":null,"failureMessage":null,"numFailingTests":0,"numPassingTests":1,"numPendingTests":0,"perfStats":{"end":1541327991926,"start":1541327990206},"snapshot":{"added":0,"fileDeleted":false,"matched":0,"unchecked":0,"unmatched":0,"updated":0,"uncheckedKeys":[]},"testFilePath":"C:\\Users\\Jona\\Documents\\Elevation\\Self-Paced\\Basics\\loops\\.guides\\.test\\ex-3.test.js","testResults":[{"ancestorTitles":[],"duration":20,"failureMessages":[],"fullName":"Should console log only the average of `nums`","location":null,"numPassingAsserts":0,"status":"passed","title":"Should console log only the average of `nums`"}],"sourceMaps":{},"skipped":false,"leaks":false},{"console":null,"failureMessage":null,"numFailingTests":0,"numPassingTests":2,"numPendingTests":0,"perfStats":{"end":1541327991946,"start":1541327990206},"snapshot":{"added":0,"fileDeleted":false,"matched":0,"unchecked":0,"unmatched":0,"updated":0,"uncheckedKeys":[]},"testFilePath":"C:\\Users\\Jona\\Documents\\Elevation\\Self-Paced\\Basics\\loops\\.guides\\.test\\ex-2.test.js","testResults":[{"ancestorTitles":[],"duration":35,"failureMessages":[],"fullName":"`nums` should be an array of numbers","location":null,"numPassingAsserts":0,"status":"passed","title":"`nums` should be an array of numbers"},{"ancestorTitles":[],"duration":6,"failureMessages":[],"fullName":"Should loop through `nums` and print out only the final sum","location":null,"numPassingAsserts":0,"status":"passed","title":"Should loop through `nums` and print out only the final sum"}],"sourceMaps":{},"skipped":false,"leaks":false},{"console":null,"failureMessage":null,"numFailingTests":0,"numPassingTests":3,"numPendingTests":0,"perfStats":{"end":1541327991964,"start":1541327990207},"snapshot":{"added":0,"fileDeleted":false,"matched":0,"unchecked":0,"unmatched":0,"updated":0,"uncheckedKeys":[]},"testFilePath":"C:\\Users\\Jona\\Documents\\Elevation\\Self-Paced\\Basics\\loops\\.guides\\.test\\ex-5.test.js","testResults":[{"ancestorTitles":[],"duration":27,"failureMessages":[],"fullName":"Should print the message of each object in `emails`","location":null,"numPassingAsserts":0,"status":"passed","title":"Should print the message of each object in `emails`"},{"ancestorTitles":[],"duration":15,"failureMessages":[],"fullName":"Should print 'Sent email to `name` for each object in `emails`","location":null,"numPassingAsserts":0,"status":"passed","title":"Should print 'Sent email to `name` for each object in `emails`"},{"ancestorTitles":[],"duration":14,"failureMessages":[],"fullName":"Should remove each object from `emails` after the console logs","location":null,"numPassingAsserts":0,"status":"passed","title":"Should remove each object from `emails` after the console logs"}],"sourceMaps":{},"skipped":false,"leaks":false},{"console":null,"failureMessage":null,"numFailingTests":0,"numPassingTests":2,"numPendingTests":0,"perfStats":{"end":1541327992082,"start":1541327990201},"snapshot":{"added":0,"fileDeleted":false,"matched":0,"unchecked":0,"unmatched":0,"updated":0,"uncheckedKeys":[]},"testFilePath":"C:\\Users\\Jona\\Documents\\Elevation\\Self-Paced\\Basics\\loops\\.guides\\.test\\ex-6.test.js","testResults":[{"ancestorTitles":[],"duration":98,"failureMessages":[],"fullName":"Should populate `people` array with `{name:..., age:...}` objects","location":null,"numPassingAsserts":0,"status":"passed","title":"Should populate `people` array with `{name:..., age:...}` objects"},{"ancestorTitles":[],"duration":53,"failureMessages":[],"fullName":"Should populate people using `names` and `ages` arrays","location":null,"numPassingAsserts":0,"status":"passed","title":"Should populate people using `names` and `ages` arrays"}],"sourceMaps":{},"skipped":false,"leaks":false},{"console":null,"failureMessage":null,"numFailingTests":0,"numPassingTests":2,"numPendingTests":0,"perfStats":{"end":1541327992251,"start":1541327992027},"snapshot":{"added":0,"fileDeleted":false,"matched":0,"unchecked":0,"unmatched":0,"updated":0,"uncheckedKeys":[]},"testFilePath":"C:\\Users\\Jona\\Documents\\Elevation\\Self-Paced\\Basics\\loops\\.guides\\.test\\ex-8.test.js","testResults":[{"ancestorTitles":[],"duration":8,"failureMessages":[],"fullName":"Should find the correct index and store it in `indexToRemove`","location":null,"numPassingAsserts":0,"status":"passed","title":"Should find the correct index and store it in `indexToRemove`"},{"ancestorTitles":[],"duration":17,"failureMessages":[],"fullName":"Should remove the post with an id of 2 from the `posts` array","location":null,"numPassingAsserts":0,"status":"passed","title":"Should remove the post with an id of 2 from the `posts` array"}],"sourceMaps":{},"skipped":false,"leaks":false},{"console":null,"failureMessage":null,"numFailingTests":0,"numPassingTests":3,"numPendingTests":0,"perfStats":{"end":1541327992280,"start":1541327992051},"snapshot":{"added":0,"fileDeleted":false,"matched":0,"unchecked":0,"unmatched":0,"updated":0,"uncheckedKeys":[]},"testFilePath":"C:\\Users\\Jona\\Documents\\Elevation\\Self-Paced\\Basics\\loops\\.guides\\.test\\ex-1.test.js","testResults":[{"ancestorTitles":[],"duration":4,"failureMessages":[],"fullName":"`names` and `ages` should have the same length","location":null,"numPassingAsserts":0,"status":"passed","title":"`names` and `ages` should have the same length"},{"ancestorTitles":[],"duration":10,"failureMessages":[],"fullName":"`names` should be an array of strings and `ages` should be an array of numbers","location":null,"numPassingAsserts":0,"status":"passed","title":"`names` should be an array of strings and `ages` should be an array of numbers"},{"ancestorTitles":[],"duration":3,"failureMessages":[],"fullName":"Should print '`name` is `age` years old' for each pair of name and age","location":null,"numPassingAsserts":0,"status":"passed","title":"Should print '`name` is `age` years old' for each pair of name and age"}],"sourceMaps":{},"skipped":false,"leaks":false},{"console":null,"failureMessage":null,"numFailingTests":0,"numPassingTests":2,"numPendingTests":0,"perfStats":{"end":1541327992376,"start":1541327990202},"snapshot":{"added":0,"fileDeleted":false,"matched":0,"unchecked":0,"unmatched":0,"updated":0,"uncheckedKeys":[]},"testFilePath":"C:\\Users\\Jona\\Documents\\Elevation\\Self-Paced\\Basics\\loops\\.guides\\.test\\ex-4.test.js","testResults":[{"ancestorTitles":[],"duration":25,"failureMessages":[],"fullName":"Should have an empty array called `nums`","location":null,"numPassingAsserts":0,"status":"passed","title":"Should have an empty array called `nums`"},{"ancestorTitles":[],"duration":441,"failureMessages":[],"fullName":"Should add the numbers 1 through 100 (only) to `nums`","location":null,"numPassingAsserts":0,"status":"passed","title":"Should add the numbers 1 through 100 (only) to `nums`"}],"sourceMaps":{},"skipped":false,"leaks":false},{"console":null,"failureMessage":null,"numFailingTests":0,"numPassingTests":1,"numPendingTests":0,"perfStats":{"end":1541327992523,"start":1541327990201},"snapshot":{"added":0,"fileDeleted":false,"matched":0,"unchecked":0,"unmatched":0,"updated":0,"uncheckedKeys":[]},"testFilePath":"C:\\Users\\Jona\\Documents\\Elevation\\Self-Paced\\Basics\\loops\\.guides\\.test\\ex-7.test.js","testResults":[{"ancestorTitles":[],"duration":12,"failureMessages":[],"fullName":"Should print '`name` is `age` years old`' for each pair in `people`","location":null,"numPassingAsserts":0,"status":"passed","title":"Should print '`name` is `age` years old`' for each pair in `people`"}],"sourceMaps":{},"skipped":false,"leaks":false},{"console":null,"failureMessage":null,"numFailingTests":0,"numPassingTests":1,"numPendingTests":0,"perfStats":{"end":1541327992544,"start":1541327990214},"snapshot":{"added":0,"fileDeleted":false,"matched":0,"unchecked":0,"unmatched":0,"updated":0,"uncheckedKeys":[]},"testFilePath":"C:\\Users\\Jona\\Documents\\Elevation\\Self-Paced\\Basics\\loops\\.guides\\.test\\ex-9.test.js","testResults":[{"ancestorTitles":[],"duration":22,"failureMessages":[],"fullName":"Should find and remove the comment with an `id` of 2 from post with `id` of 2","location":null,"numPassingAsserts":0,"status":"passed","title":"Should find and remove the comment with an `id` of 2 from post with `id` of 2"}],"sourceMaps":{},"skipped":false,"leaks":false}],"wasInterrupted":false}